2016-01-22 14:18:17 [INFO] [Multiverse-Core] - Version 2.4-b527 (API v14) Enabled - By Rigby, fernferret, lithium3141 and main--
2016-01-22 14:18:17 [INFO] [Multiverse-Core] Loading World & Settings - 'world' - Env: NORMAL - Type: NORMAL & seed: -4204449028431782419
2016-01-22 14:18:17 [INFO] [Multiverse-Core] Loading World & Settings - 'world_nether' - Env: NETHER - Type: NORMAL & seed: -4204449028431782419
2016-01-22 14:18:17 [INFO] [Multiverse-Core] Loading World & Settings - 'world_the_end' - Env: THE_END - Type: NORMAL & seed: -4204449028431782419
2016-01-22 14:18:17 [INFO] [Multiverse-Core] Loading World & Settings - 'world' - Env: NORMAL - Type: NORMAL & seed: -4204449028431782419
2016-01-22 14:18:17 [INFO] [Multiverse-Core] Loading World & Settings - 'world_nether' - Env: NETHER - Type: NORMAL & seed: -4204449028431782419
2016-01-22 14:18:17 [INFO] [Multiverse-Core] Loading World & Settings - 'world_the_end' - Env: THE_END - Type: NORMAL & seed: -4204449028431782419
2016-01-22 14:18:17 [INFO] [Multiverse-Core] 3 - World(s) loaded.
2016-01-22 14:51:37 [INFO] [Multiverse-Core] - Version 2.4-b527 (API v14) Enabled - By Rigby, fernferret, lithium3141 and main--
2016-01-22 14:51:37 [INFO] [Multiverse-Core] Loading World & Settings - 'world' - Env: NORMAL - Type: NORMAL & seed: -4204449028431782419
2016-01-22 14:51:37 [INFO] [Multiverse-Core] Loading World & Settings - 'world_nether' - Env: NETHER - Type: NORMAL & seed: -4204449028431782419
2016-01-22 14:51:37 [INFO] [Multiverse-Core] Loading World & Settings - 'world_the_end' - Env: THE_END - Type: NORMAL & seed: -4204449028431782419
2016-01-22 14:51:37 [INFO] [Multiverse-Core] 3 - World(s) loaded.
2016-01-22 14:52:13 [INFO] [Multiverse-Core] - Version 2.4-b527 (API v14) Enabled - By Rigby, fernferret, lithium3141 and main--
2016-01-22 14:52:13 [INFO] [Multiverse-Core] Loading World & Settings - 'world' - Env: NORMAL - Type: NORMAL & seed: -4204449028431782419
2016-01-22 14:52:13 [INFO] [Multiverse-Core] Loading World & Settings - 'world_nether' - Env: NETHER - Type: NORMAL & seed: -4204449028431782419
2016-01-22 14:52:13 [INFO] [Multiverse-Core] Loading World & Settings - 'world_the_end' - Env: THE_END - Type: NORMAL & seed: -4204449028431782419
2016-01-22 14:52:13 [INFO] [Multiverse-Core] 3 - World(s) loaded.
2016-01-22 14:52:53 [INFO] [Multiverse-Core] - Version 2.4-b527 (API v14) Enabled - By Rigby, fernferret, lithium3141 and main--
2016-01-22 14:52:53 [INFO] [Multiverse-Core] Loading World & Settings - 'world' - Env: NORMAL - Type: NORMAL & seed: -4204449028431782419
2016-01-22 14:52:53 [INFO] [Multiverse-Core] Loading World & Settings - 'world_nether' - Env: NETHER - Type: NORMAL & seed: -4204449028431782419
2016-01-22 14:52:53 [INFO] [Multiverse-Core] Loading World & Settings - 'world_the_end' - Env: THE_END - Type: NORMAL & seed: -4204449028431782419
2016-01-22 14:52:53 [INFO] [Multiverse-Core] 3 - World(s) loaded.
2016-01-22 14:54:13 [INFO] [Multiverse-Core] - Version 2.4-b527 (API v14) Enabled - By Rigby, fernferret, lithium3141 and main--
2016-01-22 14:54:13 [INFO] [Multiverse-Core] Loading World & Settings - 'world' - Env: NORMAL - Type: NORMAL & seed: -4204449028431782419
2016-01-22 14:54:13 [INFO] [Multiverse-Core] Loading World & Settings - 'world_nether' - Env: NETHER - Type: NORMAL & seed: -4204449028431782419
2016-01-22 14:54:13 [INFO] [Multiverse-Core] Loading World & Settings - 'world_the_end' - Env: THE_END - Type: NORMAL & seed: -4204449028431782419
2016-01-22 14:54:13 [INFO] [Multiverse-Core] 3 - World(s) loaded.
2016-01-22 15:01:56 [INFO] [Multiverse-Core] - Version 2.4-b527 (API v14) Enabled - By Rigby, fernferret, lithium3141 and main--
2016-01-22 15:01:56 [INFO] [Multiverse-Core] Loading World & Settings - 'world' - Env: NORMAL - Type: NORMAL & seed: -4204449028431782419
2016-01-22 15:01:56 [INFO] [Multiverse-Core] Loading World & Settings - 'world_nether' - Env: NETHER - Type: NORMAL & seed: -4204449028431782419
2016-01-22 15:01:56 [INFO] [Multiverse-Core] Loading World & Settings - 'world_the_end' - Env: THE_END - Type: NORMAL & seed: -4204449028431782419
2016-01-22 15:01:56 [INFO] [Multiverse-Core] 3 - World(s) loaded.
